Microsoft (R) Macro Assembler Version 14.44.35215.0	    12/04/25 14:01:38
main.asm						     Page 1 - 1


				INCLUDE Irvine32.inc
			      C ; Include file for Irvine32.lib             (Irvine32.inc)
			      C 
			      C ;OPTION CASEMAP:NONE		; optional: make identifiers case-sensitive
			      C 
			      C INCLUDE SmallWin.inc		; MS-Windows prototypes, structures, and constants
			      C .NOLIST
			      C .LIST
			      C 
			      C INCLUDE VirtualKeys.inc
			      C ; VirtualKeys.inc
			      C .NOLIST
			      C .LIST
			      C 
			      C 
			      C .NOLIST
			      C .LIST
			      C 

 00000000			.data
 00000000  00000010 [		intGrid byte 16 dup(0)
	    00
	   ]
 00000010  00000010 [		tempGrid byte 16 dup(0)
	    00
	   ]
 00000020 7C 20 20 20 20	strRep byte "|       ",0,
	   20 20 20 00 7C
	   20 20 20 32 20
	   20 20 00 7C 20
	   20 20 34 20 20
	   20 00 7C 20 20
	   20 38 20 20 20
	   00 7C 20 20 20
	   31 36 20 20 00
	   7C 20 20 20 33
	   32 20 20 00 7C
	   20 20 20 36 34
	   20 20 00 7C 20
	   20 31 32 38 20
	   20 00 7C 20 20
	   32 35 36 20 20
	   00 7C 20 20 35
	   31 32 20 20 00
	   7C 20 20 31 30
	   32 34 20 00 7C
	   20 20 32 30 34
	   38 20 00 7C 20
	   20 34 30 39 36
	   20 00
							"|   2   ",0,
							"|   4   ",0,
							"|   8   ",0,
							"|   16  ",0,
							"|   32  ",0,
							"|   64  ",0,
							"|  128  ",0,
							"|  256  ",0,
							"|  512  ",0,
							"|  1024 ",0,
							"|  2048 ",0,
							"|  4096 ",0

 00000095 2B 2D 2D 2D 2D	horLine byte "+-------+-------+-------+-------+",0
	   2D 2D 2D 2B 2D
	   2D 2D 2D 2D 2D
	   2D 2B 2D 2D 2D
	   2D 2D 2D 2D 2B
	   2D 2D 2D 2D 2D
	   2D 2D 2B 00
 000000B7 7C 00			verLine byte "|",0
 000000B9 00000000		score dword 0
 000000BD 53 63 6F 72 65	scoreMsg byte "Score: ",0
	   3A 20 00
 000000C5 03			scoreRow byte 3
 000000C6 1E			scoreCol byte 30
 000000C7 05			startRow byte 5
 000000C8 28			startCol byte 40
 000000C9 0F			endRow byte 15
 000000CA 14			endCol byte 20
 000000CB 0C 08 04 00 0D	rot90CW byte 12,8,4,0,13,9,5,1,14,10,6,2,15,11,7,3
	   09 05 01 0E 0A
	   06 02 0F 0B 07
	   03
 000000DB 0F 0E 0D 0C 0B	rot180 byte 15,14,13,12,11,10,9,8,7,6,5,4,3,2,1,0
	   0A 09 08 07 06
	   05 04 03 02 01
	   00
 000000EB 03 07 0B 0F 02	rot90CCW byte 3,7,11,15,2,6,10,14,1,5,9,13,0,4,8,12
	   06 0A 0E 01 05
	   09 0D 00 04 08
	   0C
 000000FB 53 6F 72 72 79	lostMsg byte "Sorry, you ran out of moves. You lost. Press the space bar to play again."
	   2C 20 79 6F 75
	   20 72 61 6E 20
	   6F 75 74 20 6F
	   66 20 6D 6F 76
	   65 73 2E 20 59
	   6F 75 20 6C 6F
	   73 74 2E 20 50
	   72 65 73 73 20
	   74 68 65 20 73
	   70 61 63 65 20
	   62 61 72 20 74
	   6F 20 70 6C 61
	   79 20 61 67 61
	   69 6E 2E

				;    +-------+-------+-------+-------+
				;    |   0   |   0   |  2048 |   0   |
				;    +-------+-------+-------+-------+
				;    |   0   |   16  |   0   |   0   |
				;    +-------+-------+-------+-------+
				;    |   0   |   0   |   0   |   0   |
				;    +-------+-------+-------+-------+
				;    |   0   |   0   |   0   |   0   |
				;    +-------+-------+-------+-------+


 00000000			.code
 00000000			main PROC
 00000000  E8 00000000 E		call Randomize
 00000005				restart:
 00000005  E8 0000004A			call clearGrid
 0000000A				gameLoop:
 0000000A  E8 00000062			call newTile
 0000000F  E8 000000C4			call printGrid
 00000014  33 DB			xor ebx, ebx
 00000016  E8 00000161			call checkGameOver
 0000001B  83 FB 01			cmp ebx, 1
 0000001E  74 07			je gameLost
 00000020  E8 000001C3			call getMove
 00000025  EB E3			jmp gameLoop

 00000027				gameLost:
 00000027  8A 35 000000C9 R		mov dh, [endRow]
 0000002D  8A 15 000000CA R		mov dl, [endCol]
 00000033  E8 00000000 E		call gotoxy
 00000038  BA 000000FB R		mov edx, offset lostMsg
 0000003D  E8 00000000 E		call writestring
					
 00000042				restartLoop:
 00000042  E8 00000000 E		call readchar
 00000047  3C 20			cmp al, 20h
 00000049  74 BA			je restart
 0000004B  EB F5			jmp restartLoop

 0000004D				endprogram:
					exit
 0000004D  6A 00	   *	    push   +000000000h
 0000004F  E8 00000000 E   *	    call   ExitProcess
 00000054			main ENDP


 00000054			clearGrid proc
 00000054  60				pushad

 00000055  C7 05 000000B9 R		mov dword ptr [score],0
	   00000000

 0000005F  BE 00000000 R		mov esi, offset intGrid
 00000064  B9 00000010			mov ecx, 16

 00000069				clearCell:
 00000069  C6 06 00			mov byte ptr [esi], 0
 0000006C  46				inc esi
 0000006D  E2 FA			loop clearCell

 0000006F  61				popad
 00000070  C3				ret
 00000071			clearGrid endp


 00000071			newTile proc
 00000071  60				pushad
					
 00000072  BE 00000000 R		mov esi, offset intGrid
 00000077  B9 00000010			mov ecx, 16
 0000007C  33 DB			xor ebx, ebx
 0000007E  33 FF			xor edi, edi

 00000080				countEmpty:
 00000080  8A 04 3E			mov al, [esi + edi]
 00000083  3C 00			cmp al, 0
 00000085  75 01			jne notEmpty
 00000087  43				inc ebx
 00000088				notEmpty:
 00000088  47				inc edi
 00000089  E2 F5			loop countEmpty

 0000008B  83 FB 00			cmp ebx, 0
 0000008E  74 41			je boardFull

 00000090  8B C3			mov eax, ebx
 00000092  E8 00000000 E		call randomrange
 00000097  8B E8			mov ebp, eax

 00000099  33 FF			xor edi, edi
 0000009B  33 C0			xor eax, eax
 0000009D				findEmpty:
 0000009D  8A 14 3E			mov dl, [esi + edi]
 000000A0  80 FA 00			cmp dl, 0
 000000A3  75 05			jne skipCell
 000000A5  3B C5			cmp eax, ebp
 000000A7  74 04			je placeTile
 000000A9  40				inc eax
 000000AA				skipCell:
 000000AA  47				inc edi
 000000AB  EB F0			jmp findEmpty

 000000AD				placeTile:
 000000AD  B8 00000004			mov eax, 4
 000000B2  E8 00000000 E		call randomrange
 000000B7  83 F8 03			cmp eax, 3
 000000BA  74 04			je makeFour
 000000BC  B0 01			mov al, 1
 000000BE  EB 02			jmp storeTile
 000000C0				makeFour:
 000000C0  B0 02			mov al, 2

 000000C2				storeTile:
 000000C2  88 04 3E			mov [esi + edi], al
 000000C5  0F B6 C0			movzx eax, al
 000000C8  01 05 000000B9 R		add dword ptr [score], eax
 000000CE  61				popad
 000000CF  EB 06			jmp done

 000000D1				boardFull:
 000000D1  61				popad
 000000D2  BB 00000001			mov ebx, 1

 000000D7				done:
 000000D7  C3				ret
 000000D8			newTile ENDP


 000000D8			printGrid proc
 000000D8  60				pushad
					
 000000D9  E8 00000000 E		call clrscr
 000000DE  8A 35 000000C7 R		mov dh, [startRow]
 000000E4  8A 15 000000C8 R		mov dl, [startCol]
 000000EA  B8 00000004			mov eax, 4   ;keeps track of the outer loop
 000000EF  33 DB			xor ebx, ebx   ;keeps track of the array index
					
 000000F1				printRow:
 000000F1  E8 00000000 E		call gotoxy
 000000F6  52				push edx
 000000F7  BA 00000095 R		mov edx, offset horLine
 000000FC  E8 00000000 E		call writestring
 00000101  5A				pop edx
 00000102  FE C6			inc dh
 00000104  B9 00000004			mov ecx, 4  ;keeps track of the inner loop
 00000109  E8 00000000 E		call gotoxy

 0000010E				printCell:
 0000010E  0F B6 BB			movzx edi, byte ptr [intGrid + ebx]
	   00000000 R
 00000115  6B FF 09			imul edi, 9
 00000118  52				push edx
 00000119  8D 97 00000020 R		lea edx, [strRep + edi]
 0000011F  E8 00000000 E		call writestring
 00000124  5A				pop edx
 00000125  43				inc ebx
 00000126  49				dec ecx
 00000127  83 F9 00			cmp ecx, 0
 0000012A  75 E2			jne printCell

 0000012C  52				push edx
 0000012D  BA 000000B7 R		mov edx, offset verLine
 00000132  E8 00000000 E		call writestring
 00000137  5A				pop edx
 00000138  FE C6			inc dh
 0000013A  8A 15 000000C8 R		mov dl, [startCol]
 00000140  48				dec eax
 00000141  83 F8 00			cmp eax, 0
 00000144  75 AB			jne printRow

 00000146  E8 00000000 E		call gotoxy
 0000014B  BA 00000095 R		mov edx, offset horLine
 00000150  E8 00000000 E		call writestring

 00000155  8A 35 000000C5 R		mov dh, [scoreRow]
 0000015B  8A 15 000000C6 R		mov dl, [scoreCol]
 00000161  E8 00000000 E		call gotoxy
 00000166  BA 000000BD R		mov edx, offset scoreMsg
 0000016B  E8 00000000 E		call writestring
 00000170  A1 000000B9 R		mov eax, [score]
 00000175  E8 00000000 E		call writedec

 0000017A  61				popad
 0000017B  C3				ret
 0000017C			printGrid endp


 0000017C			checkGameOver proc
 0000017C  60				pushad

 0000017D  BE 00000000 R		mov esi, offset intGrid
 00000182  B9 00000010			mov ecx, 16
 00000187  33 FF			xor edi, edi

					;checks if the grid has any open cells
 00000189				checkEmpty:
 00000189  8A 04 3E			mov al, [esi + edi]
 0000018C  3C 00			cmp al, 0
 0000018E  74 4F			je gameNotOver
 00000190  47				inc edi
 00000191  E2 F6			loop checkEmpty

					;checks if horizontal merges can be made
 00000193  BA 00000000			mov edx, 0
 00000198				rowLoopH:
 00000198  B9 00000003			mov ecx, 3
 0000019D  8B FA			mov edi, edx
 0000019F				colLoopH:
 0000019F  8A 04 3E			mov al, [esi + edi]
 000001A2  8A 5C 3E 01			mov bl, [esi + edi + 1]
 000001A6  3A C3			cmp al, bl
 000001A8  74 35			je gameNotOver
 000001AA  47				inc edi
 000001AB  E2 F2			loop ColLoopH
 000001AD  83 C2 04			add edx, 4
 000001B0  83 FA 10			cmp edx, 16
 000001B3  75 E3			jne rowLoopH

					;checks if vertical merges can be made
 000001B5  BA 00000000			mov edx, 0
 000001BA				colLoopV:
 000001BA  B9 00000003			mov ecx, 3
 000001BF  8B FA			mov edi, edx
 000001C1				rowLoopV:
 000001C1  8A 04 3E			mov al, [esi + edi]
 000001C4  8A 5C 3E 04			mov bl, [esi + edi + 4]
 000001C8  3A C3			cmp al, bl
 000001CA  74 13			je gameNotOver
 000001CC  83 C7 04			add edi, 4
 000001CF  E2 F0			loop rowLoopV
 000001D1  42				inc edx
 000001D2  83 FA 04			cmp edx, 4
 000001D5  75 E3			jne colLoopV

 000001D7				gameOver:
 000001D7  61				popad
 000001D8  BB 00000001			mov ebx, 1
 000001DD  EB 08			jmp back

 000001DF				gameNotOver:
 000001DF  61				popad 
 000001E0  BB 00000000			mov ebx, 0
 000001E5  EB 00			jmp back

 000001E7				back:
 000001E7  C3				ret
 000001E8			checkGameOver endp


 000001E8			getMove proc
 000001E8  60				pushad

 000001E9				getInput:  ;loops until the input is wasd or arrowkeys
 000001E9  33 C0			xor eax, eax
 000001EB  E8 00000000 E		call readchar
 000001F0  3C 77			cmp al, 119
 000001F2  74 0E			je applyUp
 000001F4  3C 61			cmp al, 97
 000001F6  74 25			je applyLeft
 000001F8  3C 73			cmp al, 115
 000001FA  74 28			je applyRight
 000001FC  3C 64			cmp al, 100
 000001FE  74 3F			je applyDown
 00000200  EB E7			jmp getInput

 00000202				applyUp:
 00000202  BA 00000003			mov edx, 3
 00000207  E8 000000E4			call rotate
 0000020C  E8 00000046			call moveLeft
 00000211  BA 00000001			mov edx, 1
 00000216  E8 000000D5			call rotate
 0000021B  EB 38			jmp doneMove

 0000021D				applyLeft:
 0000021D  E8 00000035			call moveLeft
 00000222  EB 31			jmp doneMove

 00000224				applyRight:
 00000224  BA 00000001			mov edx, 1
 00000229  E8 000000C2			call rotate
 0000022E  E8 00000024			call moveLeft
 00000233  BA 00000003			mov edx, 3
 00000238  E8 000000B3			call rotate
 0000023D  EB 16			jmp doneMove

 0000023F				applyDown:
 0000023F  BA 00000002			mov edx, 2
 00000244  E8 000000A7			call rotate
 00000249  E8 00000009			call moveLeft
 0000024E  E8 0000009D			call rotate
 00000253  EB 00			jmp doneMove

 00000255				doneMove:
 00000255  61				popad
 00000256  C3				ret
 00000257			getMove endp


 00000257			moveLeft proc
 00000257  60				pushad

 00000258  B9 00000000			mov ecx, 0

 0000025D				rowLoop:
 0000025D  33 D2			xor edx, edx
 0000025F  8B D9			mov ebx, ecx
 00000261  C1 E3 02			shl ebx, 2
 00000264  BE 00000000 R		mov esi, offset intGrid
 00000269  8B FE			mov edi, esi
 0000026B  03 FB			add edi, ebx

 0000026D  33 C0			xor eax, eax
 0000026F  BB 00000000			mov ebx, 0

 00000274				firstShift:
 00000274  83 FB 04			cmp ebx, 4
 00000277  7D 0E			jge shiftDOne
 00000279  8A 04 1F			mov al, [edi + ebx]
 0000027C  3C 00			cmp al, 0
 0000027E  74 04			je skipShift
 00000280  88 04 17			mov [edi + edx], al
 00000283  42				inc edx
 00000284				skipShift:
 00000284  43				inc ebx
 00000285  EB ED			jmp firstShift
 00000287				shiftDone:
 00000287  8B DA			mov ebx, edx
 00000289				fillZero:
 00000289  83 FB 04			cmp ebx, 4
 0000028C  7D 07			jge doneZero
 0000028E  C6 04 1F 00			mov byte ptr [edi + ebx], 0
 00000292  43				inc ebx
 00000293  EB F4			jmp fillZero
 00000295				doneZero:
 00000295  BB 00000000			mov ebx, 0

 0000029A				mergeLoop:
 0000029A  83 FB 03			cmp ebx, 3
 0000029D  7D 1D			jge mergeDone
 0000029F  8A 04 1F			mov al, [edi + ebx]
 000002A2  3C 00			cmp al, 0
 000002A4  74 13			je skipMerge
 000002A6  8A 64 1F 01			mov ah, [edi + ebx + 1]
 000002AA  3A C4			cmp al, ah
 000002AC  75 0B			jne skipMerge
 000002AE  FE C0			inc al
 000002B0  88 04 1F			mov [edi + ebx], al
 000002B3  C6 44 1F 01 00		mov byte ptr [edi + ebx + 1], 0
 000002B8  43				inc ebx
 000002B9				skipMerge:
 000002B9  43				inc ebx
 000002BA  EB DE			jmp mergeLoop
 000002BC				mergeDone:
 000002BC  33 D2			xor edx, edx
 000002BE  BB 00000000			mov ebx, 0

 000002C3				secondShift:
 000002C3  83 FB 04			cmp ebx, 4
 000002C6  7D 0E			jge doneShift2
 000002C8  8A 04 1F			mov al, [edi + ebx]
 000002CB  3C 00			cmp al, 0
 000002CD  74 04			je skipShift2
 000002CF  88 04 17			mov [edi + edx], al
 000002D2  42				inc edx
 000002D3				skipShift2:
 000002D3  43				inc ebx
 000002D4  EB ED			jmp secondShift
 000002D6				doneShift2:
 000002D6  8B DA			mov ebx, edx
 000002D8				fillZero2:
 000002D8  83 FB 04			cmp ebx, 4
 000002DB  7D 07			jge doneRow
 000002DD  C6 04 1F 00			mov byte ptr [edi + ebx], 0
 000002E1  43				inc ebx
 000002E2  EB F4			jmp fillZero2

 000002E4				doneRow:
 000002E4  41				inc ecx
 000002E5  83 F9 04			cmp ecx, 4
 000002E8  0F 8C FFFFFF6F		jl rowLoop

 000002EE  61				popad
 000002EF  C3				ret
 000002F0			moveLeft endp


 000002F0			rotate proc
 000002F0  60				pushad
					;edx will contain the number to indicate which rotation
					;1 is 90 CW, 2 is 180, and 3 is 90 CWW

 000002F1  BE 00000000 R		mov esi, offset intGrid
 000002F6  BF 00000010 R		mov edi, offset tempGrid
 000002FB  B9 00000000			mov ecx, 0

 00000300				rotateLoop:
 00000300  83 F9 10			cmp ecx, 16
 00000303  7D 33			jge doneRotate

 00000305  83 FA 01			cmp edx, 1
 00000308  74 0C			je rot1
 0000030A  83 FA 02			cmp edx, 2
 0000030D  74 10			je rot2
 0000030F  83 FA 03			cmp edx, 3
 00000312  74 14			je rot3
 00000314  EB 35			jmp doneCopy

 00000316				rot1:
 00000316  0F B6 99			movzx ebx, byte ptr [rot90CW + ecx]
	   000000CB R
 0000031D  EB 10			jmp cont

 0000031F				rot2:
 0000031F  0F B6 99			movzx ebx, byte ptr [rot180 +ecx]
	   000000DB R
 00000326  EB 07			jmp cont

 00000328				rot3:
 00000328  0F B6 99			movzx ebx, byte ptr [rot90CCW + ecx]
	   000000EB R
					
 0000032F				cont:
 0000032F  8A 04 1E			mov al, [esi + ebx]
 00000332  88 04 0F			mov [edi + ecx], al
 00000335				skipMap:
 00000335  41				inc ecx
 00000336  EB C8			jmp rotateLoop
 00000338				doneRotate:

 00000338  B9 00000000			mov ecx, 0
 0000033D				copyBack:
 0000033D  83 F9 10			cmp ecx, 16
 00000340  7D 09			jge doneCopy
 00000342  8A 04 0F			mov al, [edi + ecx]
 00000345  88 04 0E			mov [esi + ecx], al
 00000348  41				inc ecx
 00000349  EB F2			jmp copyBack

 0000034B				doneCopy:
 0000034B  61				popad
 0000034C  C3				ret
 0000034D			rotate endp


				END main
Microsoft (R) Macro Assembler Version 14.44.35215.0	    12/04/25 14:01:38
main.asm						     Symbols 2 - 1




Structures and Unions:

                N a m e                  Size
                                         Offset      Type

CONSOLE_CURSOR_INFO  . . . . . .	 00000008
  dwSize . . . . . . . . . . . .	 00000000	 DWord
  bVisible . . . . . . . . . . .	 00000004	 DWord
CONSOLE_SCREEN_BUFFER_INFO . . .	 00000016
  dwSize . . . . . . . . . . . .	 00000000	 DWord
  dwCursorPosition . . . . . . .	 00000004	 DWord
  wAttributes  . . . . . . . . .	 00000008	 Word
  srWindow . . . . . . . . . . .	 0000000A	 QWord
  dwMaximumWindowSize  . . . . .	 00000012	 DWord
COORD  . . . . . . . . . . . . .	 00000004
  X  . . . . . . . . . . . . . .	 00000000	 Word
  Y  . . . . . . . . . . . . . .	 00000002	 Word
FILETIME . . . . . . . . . . . .	 00000008
  loDateTime . . . . . . . . . .	 00000000	 DWord
  hiDateTime . . . . . . . . . .	 00000004	 DWord
FOCUS_EVENT_RECORD . . . . . . .	 00000004
  bSetFocus  . . . . . . . . . .	 00000000	 DWord
FPU_ENVIRON  . . . . . . . . . .	 0000001C
  controlWord  . . . . . . . . .	 00000000	 Word
  statusWord . . . . . . . . . .	 00000004	 Word
  tagWord  . . . . . . . . . . .	 00000008	 Word
  instrPointerOffset . . . . . .	 0000000C	 DWord
  instrPointerSelector . . . . .	 00000010	 DWord
  operandPointerOffset . . . . .	 00000014	 DWord
  operandPointerSelector . . . .	 00000018	 Word
INPUT_RECORD . . . . . . . . . .	 00000014
  EventType  . . . . . . . . . .	 00000000	 Word
  Event  . . . . . . . . . . . .	 00000004	 XmmWord
  bKeyDown . . . . . . . . . . .	 00000000	 DWord
  wRepeatCount . . . . . . . . .	 00000004	 Word
  wVirtualKeyCode  . . . . . . .	 00000006	 Word
  wVirtualScanCode . . . . . . .	 00000008	 Word
  uChar  . . . . . . . . . . . .	 0000000A	 Word
  UnicodeChar  . . . . . . . . .	 00000000	 Word
  AsciiChar  . . . . . . . . . .	 00000000	 Byte
  dwControlKeyState  . . . . . .	 0000000C	 DWord
  dwMousePosition  . . . . . . .	 00000000	 DWord
  dwButtonState  . . . . . . . .	 00000004	 DWord
  dwMouseControlKeyState . . . .	 00000008	 DWord
  dwEventFlags . . . . . . . . .	 0000000C	 DWord
  dwSize . . . . . . . . . . . .	 00000000	 DWord
  dwCommandId  . . . . . . . . .	 00000000	 DWord
  bSetFocus  . . . . . . . . . .	 00000000	 DWord
KEY_EVENT_RECORD . . . . . . . .	 00000010
  bKeyDown . . . . . . . . . . .	 00000000	 DWord
  wRepeatCount . . . . . . . . .	 00000004	 Word
  wVirtualKeyCode  . . . . . . .	 00000006	 Word
  wVirtualScanCode . . . . . . .	 00000008	 Word
  uChar  . . . . . . . . . . . .	 0000000A	 Word
  UnicodeChar  . . . . . . . . .	 00000000	 Word
  AsciiChar  . . . . . . . . . .	 00000000	 Byte
  dwControlKeyState  . . . . . .	 0000000C	 DWord
MENU_EVENT_RECORD  . . . . . . .	 00000004
  dwCommandId  . . . . . . . . .	 00000000	 DWord
MOUSE_EVENT_RECORD . . . . . . .	 00000010
  dwMousePosition  . . . . . . .	 00000000	 DWord
  dwButtonState  . . . . . . . .	 00000004	 DWord
  dwMouseControlKeyState . . . .	 00000008	 DWord
  dwEventFlags . . . . . . . . .	 0000000C	 DWord
SMALL_RECT . . . . . . . . . . .	 00000008
  Left . . . . . . . . . . . . .	 00000000	 Word
  Top  . . . . . . . . . . . . .	 00000002	 Word
  Right  . . . . . . . . . . . .	 00000004	 Word
  Bottom . . . . . . . . . . . .	 00000006	 Word
SYSTEMTIME . . . . . . . . . . .	 00000010
  wYear  . . . . . . . . . . . .	 00000000	 Word
  wMonth . . . . . . . . . . . .	 00000002	 Word
  wDayOfWeek . . . . . . . . . .	 00000004	 Word
  wDay . . . . . . . . . . . . .	 00000006	 Word
  wHour  . . . . . . . . . . . .	 00000008	 Word
  wMinute  . . . . . . . . . . .	 0000000A	 Word
  wSecond  . . . . . . . . . . .	 0000000C	 Word
  wMilliseconds  . . . . . . . .	 0000000E	 Word
WINDOW_BUFFER_SIZE_RECORD  . . .	 00000004
  dwSize . . . . . . . . . . . .	 00000000	 DWord


Segments and Groups:

                N a m e                 Size     Length   Align   Combine Class

FLAT . . . . . . . . . . . . . .	GROUP
STACK  . . . . . . . . . . . . .	32 Bit	 00001000 Para	  Stack	  'STACK'	 
_DATA  . . . . . . . . . . . . .	32 Bit	 00000144 Para	  Public  'DATA'	
_TEXT  . . . . . . . . . . . . .	32 Bit	 0000034D Para	  Public  'CODE'	


Procedures, parameters, and locals:

                N a m e                 Type     Value    Attr

CloseFile  . . . . . . . . . . .	P Near	 00000000 FLAT	Length= 00000000 External STDCALL
CloseHandle  . . . . . . . . . .	P Near	 00000000 FLAT	Length= 00000000 External STDCALL
Clrscr . . . . . . . . . . . . .	P Near	 00000000 FLAT	Length= 00000000 External STDCALL
CreateFileA  . . . . . . . . . .	P Near	 00000000 FLAT	Length= 00000000 External STDCALL
CreateOutputFile . . . . . . . .	P Near	 00000000 FLAT	Length= 00000000 External STDCALL
Crlf . . . . . . . . . . . . . .	P Near	 00000000 FLAT	Length= 00000000 External STDCALL
Delay  . . . . . . . . . . . . .	P Near	 00000000 FLAT	Length= 00000000 External STDCALL
DumpMem  . . . . . . . . . . . .	P Near	 00000000 FLAT	Length= 00000000 External STDCALL
DumpRegs . . . . . . . . . . . .	P Near	 00000000 FLAT	Length= 00000000 External STDCALL
ExitProcess  . . . . . . . . . .	P Near	 00000000 FLAT	Length= 00000000 External STDCALL
FileTimeToDosDateTime  . . . . .	P Near	 00000000 FLAT	Length= 00000000 External STDCALL
FileTimeToSystemTime . . . . . .	P Near	 00000000 FLAT	Length= 00000000 External STDCALL
FlushConsoleInputBuffer  . . . .	P Near	 00000000 FLAT	Length= 00000000 External STDCALL
FormatMessageA . . . . . . . . .	P Near	 00000000 FLAT	Length= 00000000 External STDCALL
GetCommandLineA  . . . . . . . .	P Near	 00000000 FLAT	Length= 00000000 External STDCALL
GetCommandTail . . . . . . . . .	P Near	 00000000 FLAT	Length= 00000000 External STDCALL
GetConsoleCP . . . . . . . . . .	P Near	 00000000 FLAT	Length= 00000000 External STDCALL
GetConsoleCursorInfo . . . . . .	P Near	 00000000 FLAT	Length= 00000000 External STDCALL
GetConsoleMode . . . . . . . . .	P Near	 00000000 FLAT	Length= 00000000 External STDCALL
GetConsoleScreenBufferInfo . . .	P Near	 00000000 FLAT	Length= 00000000 External STDCALL
GetDateTime  . . . . . . . . . .	P Near	 00000000 FLAT	Length= 00000000 External STDCALL
GetFileTime  . . . . . . . . . .	P Near	 00000000 FLAT	Length= 00000000 External STDCALL
GetKeyState  . . . . . . . . . .	P Near	 00000000 FLAT	Length= 00000000 External STDCALL
GetLastError . . . . . . . . . .	P Near	 00000000 FLAT	Length= 00000000 External STDCALL
GetLocalTime . . . . . . . . . .	P Near	 00000000 FLAT	Length= 00000000 External STDCALL
GetMaxXY . . . . . . . . . . . .	P Near	 00000000 FLAT	Length= 00000000 External STDCALL
GetMseconds  . . . . . . . . . .	P Near	 00000000 FLAT	Length= 00000000 External STDCALL
GetNumberOfConsoleInputEvents  .	P Near	 00000000 FLAT	Length= 00000000 External STDCALL
GetProcessHeap . . . . . . . . .	P Near	 00000000 FLAT	Length= 00000000 External STDCALL
GetStdHandle . . . . . . . . . .	P Near	 00000000 FLAT	Length= 00000000 External STDCALL
GetSystemTime  . . . . . . . . .	P Near	 00000000 FLAT	Length= 00000000 External STDCALL
GetTextColor . . . . . . . . . .	P Near	 00000000 FLAT	Length= 00000000 External STDCALL
GetTickCount . . . . . . . . . .	P Near	 00000000 FLAT	Length= 00000000 External STDCALL
Gotoxy . . . . . . . . . . . . .	P Near	 00000000 FLAT	Length= 00000000 External STDCALL
HeapAlloc  . . . . . . . . . . .	P Near	 00000000 FLAT	Length= 00000000 External STDCALL
HeapCreate . . . . . . . . . . .	P Near	 00000000 FLAT	Length= 00000000 External STDCALL
HeapDestroy  . . . . . . . . . .	P Near	 00000000 FLAT	Length= 00000000 External STDCALL
HeapFree . . . . . . . . . . . .	P Near	 00000000 FLAT	Length= 00000000 External STDCALL
HeapSize . . . . . . . . . . . .	P Near	 00000000 FLAT	Length= 00000000 External STDCALL
IsDigit  . . . . . . . . . . . .	P Near	 00000000 FLAT	Length= 00000000 External STDCALL
LocalFree  . . . . . . . . . . .	P Near	 00000000 FLAT	Length= 00000000 External STDCALL
MessageBoxA  . . . . . . . . . .	P Near	 00000000 FLAT	Length= 00000000 External STDCALL
MsgBoxAsk  . . . . . . . . . . .	P Near	 00000000 FLAT	Length= 00000000 External STDCALL
MsgBox . . . . . . . . . . . . .	P Near	 00000000 FLAT	Length= 00000000 External STDCALL
OpenInputFile  . . . . . . . . .	P Near	 00000000 FLAT	Length= 00000000 External STDCALL
ParseDecimal32 . . . . . . . . .	P Near	 00000000 FLAT	Length= 00000000 External STDCALL
ParseInteger32 . . . . . . . . .	P Near	 00000000 FLAT	Length= 00000000 External STDCALL
PeekConsoleInputA  . . . . . . .	P Near	 00000000 FLAT	Length= 00000000 External STDCALL
Random32 . . . . . . . . . . . .	P Near	 00000000 FLAT	Length= 00000000 External STDCALL
RandomRange  . . . . . . . . . .	P Near	 00000000 FLAT	Length= 00000000 External STDCALL
Randomize  . . . . . . . . . . .	P Near	 00000000 FLAT	Length= 00000000 External STDCALL
ReadChar . . . . . . . . . . . .	P Near	 00000000 FLAT	Length= 00000000 External STDCALL
ReadConsoleA . . . . . . . . . .	P Near	 00000000 FLAT	Length= 00000000 External STDCALL
ReadConsoleInputA  . . . . . . .	P Near	 00000000 FLAT	Length= 00000000 External STDCALL
ReadDec  . . . . . . . . . . . .	P Near	 00000000 FLAT	Length= 00000000 External STDCALL
ReadFile . . . . . . . . . . . .	P Near	 00000000 FLAT	Length= 00000000 External STDCALL
ReadFloat  . . . . . . . . . . .	P Near	 00000000 FLAT	Length= 00000000 External STDCALL
ReadFromFile . . . . . . . . . .	P Near	 00000000 FLAT	Length= 00000000 External STDCALL
ReadHex  . . . . . . . . . . . .	P Near	 00000000 FLAT	Length= 00000000 External STDCALL
ReadInt  . . . . . . . . . . . .	P Near	 00000000 FLAT	Length= 00000000 External STDCALL
ReadKeyFlush . . . . . . . . . .	P Near	 00000000 FLAT	Length= 00000000 External STDCALL
ReadKey  . . . . . . . . . . . .	P Near	 00000000 FLAT	Length= 00000000 External STDCALL
ReadString . . . . . . . . . . .	P Near	 00000000 FLAT	Length= 00000000 External STDCALL
SetConsoleCursorInfo . . . . . .	P Near	 00000000 FLAT	Length= 00000000 External STDCALL
SetConsoleCursorPosition . . . .	P Near	 00000000 FLAT	Length= 00000000 External STDCALL
SetConsoleMode . . . . . . . . .	P Near	 00000000 FLAT	Length= 00000000 External STDCALL
SetConsoleScreenBufferSize . . .	P Near	 00000000 FLAT	Length= 00000000 External STDCALL
SetConsoleTextAttribute  . . . .	P Near	 00000000 FLAT	Length= 00000000 External STDCALL
SetConsoleTitleA . . . . . . . .	P Near	 00000000 FLAT	Length= 00000000 External STDCALL
SetConsoleWindowInfo . . . . . .	P Near	 00000000 FLAT	Length= 00000000 External STDCALL
SetFilePointer . . . . . . . . .	P Near	 00000000 FLAT	Length= 00000000 External STDCALL
SetLocalTime . . . . . . . . . .	P Near	 00000000 FLAT	Length= 00000000 External STDCALL
SetTextColor . . . . . . . . . .	P Near	 00000000 FLAT	Length= 00000000 External STDCALL
ShowFPUStack . . . . . . . . . .	P Near	 00000000 FLAT	Length= 00000000 External STDCALL
Sleep  . . . . . . . . . . . . .	P Near	 00000000 FLAT	Length= 00000000 External STDCALL
StrLength  . . . . . . . . . . .	P Near	 00000000 FLAT	Length= 00000000 External STDCALL
Str_compare  . . . . . . . . . .	P Near	 00000000 FLAT	Length= 00000000 External STDCALL
Str_copy . . . . . . . . . . . .	P Near	 00000000 FLAT	Length= 00000000 External STDCALL
Str_length . . . . . . . . . . .	P Near	 00000000 FLAT	Length= 00000000 External STDCALL
Str_trim . . . . . . . . . . . .	P Near	 00000000 FLAT	Length= 00000000 External STDCALL
Str_ucase  . . . . . . . . . . .	P Near	 00000000 FLAT	Length= 00000000 External STDCALL
SystemTimeToFileTime . . . . . .	P Near	 00000000 FLAT	Length= 00000000 External STDCALL
WaitMsg  . . . . . . . . . . . .	P Near	 00000000 FLAT	Length= 00000000 External STDCALL
WriteBinB  . . . . . . . . . . .	P Near	 00000000 FLAT	Length= 00000000 External STDCALL
WriteBin . . . . . . . . . . . .	P Near	 00000000 FLAT	Length= 00000000 External STDCALL
WriteChar  . . . . . . . . . . .	P Near	 00000000 FLAT	Length= 00000000 External STDCALL
WriteConsoleA  . . . . . . . . .	P Near	 00000000 FLAT	Length= 00000000 External STDCALL
WriteConsoleOutputAttribute  . .	P Near	 00000000 FLAT	Length= 00000000 External STDCALL
WriteConsoleOutputCharacterA . .	P Near	 00000000 FLAT	Length= 00000000 External STDCALL
WriteDec . . . . . . . . . . . .	P Near	 00000000 FLAT	Length= 00000000 External STDCALL
WriteFile  . . . . . . . . . . .	P Near	 00000000 FLAT	Length= 00000000 External STDCALL
WriteFloat . . . . . . . . . . .	P Near	 00000000 FLAT	Length= 00000000 External STDCALL
WriteHexB  . . . . . . . . . . .	P Near	 00000000 FLAT	Length= 00000000 External STDCALL
WriteHex . . . . . . . . . . . .	P Near	 00000000 FLAT	Length= 00000000 External STDCALL
WriteInt . . . . . . . . . . . .	P Near	 00000000 FLAT	Length= 00000000 External STDCALL
WriteStackFrameName  . . . . . .	P Near	 00000000 FLAT	Length= 00000000 External STDCALL
WriteStackFrame  . . . . . . . .	P Near	 00000000 FLAT	Length= 00000000 External STDCALL
WriteString  . . . . . . . . . .	P Near	 00000000 FLAT	Length= 00000000 External STDCALL
WriteToFile  . . . . . . . . . .	P Near	 00000000 FLAT	Length= 00000000 External STDCALL
WriteWindowsMsg  . . . . . . . .	P Near	 00000000 FLAT	Length= 00000000 External STDCALL
checkGameOver  . . . . . . . . .	P Near	 0000017C _TEXT	Length= 0000006C Public STDCALL
  checkEmpty . . . . . . . . . .	L Near	 00000189 _TEXT	
  rowLoopH . . . . . . . . . . .	L Near	 00000198 _TEXT	
  colLoopH . . . . . . . . . . .	L Near	 0000019F _TEXT	
  colLoopV . . . . . . . . . . .	L Near	 000001BA _TEXT	
  rowLoopV . . . . . . . . . . .	L Near	 000001C1 _TEXT	
  gameOver . . . . . . . . . . .	L Near	 000001D7 _TEXT	
  gameNotOver  . . . . . . . . .	L Near	 000001DF _TEXT	
  back . . . . . . . . . . . . .	L Near	 000001E7 _TEXT	
clearGrid  . . . . . . . . . . .	P Near	 00000054 _TEXT	Length= 0000001D Public STDCALL
  clearCell  . . . . . . . . . .	L Near	 00000069 _TEXT	
getMove  . . . . . . . . . . . .	P Near	 000001E8 _TEXT	Length= 0000006F Public STDCALL
  getInput . . . . . . . . . . .	L Near	 000001E9 _TEXT	
  applyUp  . . . . . . . . . . .	L Near	 00000202 _TEXT	
  applyLeft  . . . . . . . . . .	L Near	 0000021D _TEXT	
  applyRight . . . . . . . . . .	L Near	 00000224 _TEXT	
  applyDown  . . . . . . . . . .	L Near	 0000023F _TEXT	
  doneMove . . . . . . . . . . .	L Near	 00000255 _TEXT	
main . . . . . . . . . . . . . .	P Near	 00000000 _TEXT	Length= 00000054 Public STDCALL
  restart  . . . . . . . . . . .	L Near	 00000005 _TEXT	
  gameLoop . . . . . . . . . . .	L Near	 0000000A _TEXT	
  gameLost . . . . . . . . . . .	L Near	 00000027 _TEXT	
  restartLoop  . . . . . . . . .	L Near	 00000042 _TEXT	
  endprogram . . . . . . . . . .	L Near	 0000004D _TEXT	
moveLeft . . . . . . . . . . . .	P Near	 00000257 _TEXT	Length= 00000099 Public STDCALL
  rowLoop  . . . . . . . . . . .	L Near	 0000025D _TEXT	
  firstShift . . . . . . . . . .	L Near	 00000274 _TEXT	
  skipShift  . . . . . . . . . .	L Near	 00000284 _TEXT	
  shiftDone  . . . . . . . . . .	L Near	 00000287 _TEXT	
  fillZero . . . . . . . . . . .	L Near	 00000289 _TEXT	
  doneZero . . . . . . . . . . .	L Near	 00000295 _TEXT	
  mergeLoop  . . . . . . . . . .	L Near	 0000029A _TEXT	
  skipMerge  . . . . . . . . . .	L Near	 000002B9 _TEXT	
  mergeDone  . . . . . . . . . .	L Near	 000002BC _TEXT	
  secondShift  . . . . . . . . .	L Near	 000002C3 _TEXT	
  skipShift2 . . . . . . . . . .	L Near	 000002D3 _TEXT	
  doneShift2 . . . . . . . . . .	L Near	 000002D6 _TEXT	
  fillZero2  . . . . . . . . . .	L Near	 000002D8 _TEXT	
  doneRow  . . . . . . . . . . .	L Near	 000002E4 _TEXT	
newTile  . . . . . . . . . . . .	P Near	 00000071 _TEXT	Length= 00000067 Public STDCALL
  countEmpty . . . . . . . . . .	L Near	 00000080 _TEXT	
  notEmpty . . . . . . . . . . .	L Near	 00000088 _TEXT	
  findEmpty  . . . . . . . . . .	L Near	 0000009D _TEXT	
  skipCell . . . . . . . . . . .	L Near	 000000AA _TEXT	
  placeTile  . . . . . . . . . .	L Near	 000000AD _TEXT	
  makeFour . . . . . . . . . . .	L Near	 000000C0 _TEXT	
  storeTile  . . . . . . . . . .	L Near	 000000C2 _TEXT	
  boardFull  . . . . . . . . . .	L Near	 000000D1 _TEXT	
  done . . . . . . . . . . . . .	L Near	 000000D7 _TEXT	
printGrid  . . . . . . . . . . .	P Near	 000000D8 _TEXT	Length= 000000A4 Public STDCALL
  printRow . . . . . . . . . . .	L Near	 000000F1 _TEXT	
  printCell  . . . . . . . . . .	L Near	 0000010E _TEXT	
printf . . . . . . . . . . . . .	P Near	 00000000 FLAT	Length= 00000000 External C
rotate . . . . . . . . . . . . .	P Near	 000002F0 _TEXT	Length= 0000005D Public STDCALL
  rotateLoop . . . . . . . . . .	L Near	 00000300 _TEXT	
  rot1 . . . . . . . . . . . . .	L Near	 00000316 _TEXT	
  rot2 . . . . . . . . . . . . .	L Near	 0000031F _TEXT	
  rot3 . . . . . . . . . . . . .	L Near	 00000328 _TEXT	
  cont . . . . . . . . . . . . .	L Near	 0000032F _TEXT	
  skipMap  . . . . . . . . . . .	L Near	 00000335 _TEXT	
  doneRotate . . . . . . . . . .	L Near	 00000338 _TEXT	
  copyBack . . . . . . . . . . .	L Near	 0000033D _TEXT	
  doneCopy . . . . . . . . . . .	L Near	 0000034B _TEXT	
scanf  . . . . . . . . . . . . .	P Near	 00000000 FLAT	Length= 00000000 External C
wsprintfA  . . . . . . . . . . .	P Near	 00000000 FLAT	Length= 00000000 External C


Symbols:

                N a m e                 Type     Value    Attr

@CodeSize  . . . . . . . . . . .	Number	 00000000h   
@DataSize  . . . . . . . . . . .	Number	 00000000h   
@Interface . . . . . . . . . . .	Number	 00000003h   
@Model . . . . . . . . . . . . .	Number	 00000007h   
@code  . . . . . . . . . . . . .	Text   	 _TEXT
@data  . . . . . . . . . . . . .	Text   	 FLAT
@fardata?  . . . . . . . . . . .	Text   	 FLAT
@fardata . . . . . . . . . . . .	Text   	 FLAT
@stack . . . . . . . . . . . . .	Text   	 FLAT
ALT_MASK . . . . . . . . . . . .	Number	 00000003h   
CAPSLOCK_ON  . . . . . . . . . .	Number	 00000080h   
CREATE_ALWAYS  . . . . . . . . .	Number	 00000002h   
CREATE_NEW . . . . . . . . . . .	Number	 00000001h   
CTRL_MASK  . . . . . . . . . . .	Number	 0000000Ch   
CreateFile . . . . . . . . . . .	Text   	 CreateFileA
DO_NOT_SHARE . . . . . . . . . .	Number	 00000000h   
ENABLE_ECHO_INPUT  . . . . . . .	Number	 00000004h   
ENABLE_LINE_INPUT  . . . . . . .	Number	 00000002h   
ENABLE_MOUSE_INPUT . . . . . . .	Number	 00000010h   
ENABLE_PROCESSED_INPUT . . . . .	Number	 00000001h   
ENABLE_PROCESSED_OUTPUT  . . . .	Number	 00000001h   
ENABLE_WINDOW_INPUT  . . . . . .	Number	 00000008h   
ENABLE_WRAP_AT_EOL_OUTPUT  . . .	Number	 00000002h   
ENHANCED_KEY . . . . . . . . . .	Number	 00000100h   
FALSE  . . . . . . . . . . . . .	Number	 00000000h   
FILE_APPEND_DATA . . . . . . . .	Number	 00000004h   
FILE_ATTRIBUTE_ARCHIVE . . . . .	Number	 00000020h   
FILE_ATTRIBUTE_COMPRESSED  . . .	Number	 00000800h   
FILE_ATTRIBUTE_DEVICE  . . . . .	Number	 00000040h   
FILE_ATTRIBUTE_DIRECTORY . . . .	Number	 00000010h   
FILE_ATTRIBUTE_ENCRYPTED . . . .	Number	 00004000h   
FILE_ATTRIBUTE_HIDDEN  . . . . .	Number	 00000002h   
FILE_ATTRIBUTE_NORMAL  . . . . .	Number	 00000080h   
FILE_ATTRIBUTE_NOT_CONTENT_INDEXED .	Number	 00002000h   
FILE_ATTRIBUTE_OFFLINE . . . . .	Number	 00001000h   
FILE_ATTRIBUTE_READONLY  . . . .	Number	 00000001h   
FILE_ATTRIBUTE_REPARSE_POINT . .	Number	 00000400h   
FILE_ATTRIBUTE_SPARSE_FILE . . .	Number	 00000200h   
FILE_ATTRIBUTE_SYSTEM  . . . . .	Number	 00000004h   
FILE_ATTRIBUTE_TEMPORARY . . . .	Number	 00000100h   
FILE_BEGIN . . . . . . . . . . .	Number	 00000000h   
FILE_CURRENT . . . . . . . . . .	Number	 00000001h   
FILE_DELETE_CHILD  . . . . . . .	Number	 00000040h   
FILE_END . . . . . . . . . . . .	Number	 00000002h   
FILE_READ_DATA . . . . . . . . .	Number	 00000001h   
FILE_SHARE_DELETE  . . . . . . .	Number	 00000004h   
FILE_SHARE_READ  . . . . . . . .	Number	 00000001h   
FILE_SHARE_WRITE . . . . . . . .	Number	 00000002h   
FILE_WRITE_DATA  . . . . . . . .	Number	 00000002h   
FOCUS_EVENT  . . . . . . . . . .	Number	 00000010h   
FORMAT_MESSAGE_ALLOCATE_BUFFER .	Number	 00000100h   
FORMAT_MESSAGE_FROM_SYSTEM . . .	Number	 00001000h   
FormatMessage  . . . . . . . . .	Text   	 FormatMessageA
GENERIC_ALL  . . . . . . . . . .	Number	 10000000h   
GENERIC_EXECUTE  . . . . . . . .	Number	 20000000h   
GENERIC_READ . . . . . . . . . .	Number	 -80000000h   
GENERIC_WRITE  . . . . . . . . .	Number	 40000000h   
GetCommandLine . . . . . . . . .	Text   	 GetCommandLineA
HANDLE . . . . . . . . . . . . .	Text   	 DWORD
HEAP_GENERATE_EXCEPTIONS . . . .	Number	 00000004h   
HEAP_GROWABLE  . . . . . . . . .	Number	 00000002h   
HEAP_NO_SERIALIZE  . . . . . . .	Number	 00000001h   
HEAP_REALLOC_IN_PLACE_ONLY . . .	Number	 00000010h   
HEAP_ZERO_MEMORY . . . . . . . .	Number	 00000008h   
IDABORT  . . . . . . . . . . . .	Number	 00000003h   
IDCANCEL . . . . . . . . . . . .	Number	 00000002h   
IDCLOSE  . . . . . . . . . . . .	Number	 00000008h   
IDCONTINUE . . . . . . . . . . .	Number	 0000000Bh   
IDHELP . . . . . . . . . . . . .	Number	 00000009h   
IDIGNORE . . . . . . . . . . . .	Number	 00000005h   
IDNO . . . . . . . . . . . . . .	Number	 00000007h   
IDOK . . . . . . . . . . . . . .	Number	 00000001h   
IDRETRY  . . . . . . . . . . . .	Number	 00000004h   
IDTIMEOUT  . . . . . . . . . . .	Number	 00007D00h   
IDTRYAGAIN . . . . . . . . . . .	Number	 0000000Ah   
IDYES  . . . . . . . . . . . . .	Number	 00000006h   
INVALID_HANDLE_VALUE . . . . . .	Number	 -00000001h   
KBDOWN_FLAG  . . . . . . . . . .	Number	 00000001h   
KEY_EVENT  . . . . . . . . . . .	Number	 00000001h   
KEY_MASKS  . . . . . . . . . . .	Number	 0000001Fh   
LEFT_ALT_PRESSED . . . . . . . .	Number	 00000002h   
LEFT_CTRL_PRESSED  . . . . . . .	Number	 00000008h   
MB_ABORTRETRYIGNORE  . . . . . .	Number	 00000002h   
MB_APPLMODAL . . . . . . . . . .	Number	 00000000h   
MB_CANCELTRYCONTINUE . . . . . .	Number	 00000006h   
MB_DEFBUTTON1  . . . . . . . . .	Number	 00000000h   
MB_DEFBUTTON2  . . . . . . . . .	Number	 00000100h   
MB_DEFBUTTON3  . . . . . . . . .	Number	 00000200h   
MB_DEFBUTTON4  . . . . . . . . .	Number	 00000300h   
MB_HELP  . . . . . . . . . . . .	Number	 00004000h   
MB_ICONASTERISK  . . . . . . . .	Number	 00000040h   
MB_ICONERROR . . . . . . . . . .	Number	 00000010h   
MB_ICONEXCLAMATION . . . . . . .	Number	 00000030h   
MB_ICONHAND  . . . . . . . . . .	Number	 00000010h   
MB_ICONINFORMATION . . . . . . .	Number	 00000040h   
MB_ICONQUESTION  . . . . . . . .	Number	 00000020h   
MB_ICONSTOP  . . . . . . . . . .	Number	 00000010h   
MB_ICONWARNING . . . . . . . . .	Number	 00000030h   
MB_OKCANCEL  . . . . . . . . . .	Number	 00000001h   
MB_OK  . . . . . . . . . . . . .	Number	 00000000h   
MB_RETRYCANCEL . . . . . . . . .	Number	 00000005h   
MB_SYSTEMMODAL . . . . . . . . .	Number	 00001000h   
MB_TASKMODAL . . . . . . . . . .	Number	 00002000h   
MB_USERICON  . . . . . . . . . .	Number	 00000080h   
MB_YESNOCANCEL . . . . . . . . .	Number	 00000003h   
MB_YESNO . . . . . . . . . . . .	Number	 00000004h   
MENU_EVENT . . . . . . . . . . .	Number	 00000008h   
MOUSE_EVENT  . . . . . . . . . .	Number	 00000002h   
MessageBox . . . . . . . . . . .	Text   	 MessageBoxA
NULL . . . . . . . . . . . . . .	Number	 00000000h   
NUMLOCK_ON . . . . . . . . . . .	Number	 00000020h   
OPEN_ALWAYS  . . . . . . . . . .	Number	 00000004h   
OPEN_EXISTING  . . . . . . . . .	Number	 00000003h   
PeekConsoleInput . . . . . . . .	Text   	 PeekConsoleInputA
RIGHT_ALT_PRESSED  . . . . . . .	Number	 00000001h   
RIGHT_CTRL_PRESSED . . . . . . .	Number	 00000004h   
ReadConsoleInput . . . . . . . .	Text   	 ReadConsoleInputA
ReadConsole  . . . . . . . . . .	Text   	 ReadConsoleA
SCROLLLOCK_ON  . . . . . . . . .	Number	 00000040h   
SHIFT_MASK . . . . . . . . . . .	Number	 00000010h   
SHIFT_PRESSED  . . . . . . . . .	Number	 00000010h   
STD_ERROR_HANDLE . . . . . . . .	Number	 -0000000Ch   
STD_INPUT_HANDLE . . . . . . . .	Number	 -0000000Ah   
STD_OUTPUT_HANDLE  . . . . . . .	Number	 -0000000Bh   
SetConsoleTitle  . . . . . . . .	Text   	 SetConsoleTitleA
TAB  . . . . . . . . . . . . . .	Number	 00000009h   
TRUE . . . . . . . . . . . . . .	Number	 00000001h   
TRUNCATE_EXISTING  . . . . . . .	Number	 00000005h   
VK_11  . . . . . . . . . . . . .	Number	 000000BDh   
VK_12  . . . . . . . . . . . . .	Number	 000000BBh   
VK_ADD . . . . . . . . . . . . .	Number	 0000006Bh   
VK_BACK  . . . . . . . . . . . .	Number	 00000008h   
VK_CANCEL  . . . . . . . . . . .	Number	 00000003h   
VK_CAPITAL . . . . . . . . . . .	Number	 00000014h   
VK_CLEAR . . . . . . . . . . . .	Number	 0000000Ch   
VK_CONTROL . . . . . . . . . . .	Number	 00000011h   
VK_DECIMAL . . . . . . . . . . .	Number	 0000006Eh   
VK_DELETE  . . . . . . . . . . .	Number	 0000002Eh   
VK_DIVIDE  . . . . . . . . . . .	Number	 0000006Fh   
VK_DOWN  . . . . . . . . . . . .	Number	 00000028h   
VK_END . . . . . . . . . . . . .	Number	 00000023h   
VK_ESCAPE  . . . . . . . . . . .	Number	 0000001Bh   
VK_EXECUTE . . . . . . . . . . .	Number	 0000002Bh   
VK_F10 . . . . . . . . . . . . .	Number	 00000079h   
VK_F11 . . . . . . . . . . . . .	Number	 0000007Ah   
VK_F12 . . . . . . . . . . . . .	Number	 0000007Bh   
VK_F13 . . . . . . . . . . . . .	Number	 0000007Ch   
VK_F14 . . . . . . . . . . . . .	Number	 0000007Dh   
VK_F15 . . . . . . . . . . . . .	Number	 0000007Eh   
VK_F16 . . . . . . . . . . . . .	Number	 0000007Fh   
VK_F17 . . . . . . . . . . . . .	Number	 00000080h   
VK_F18 . . . . . . . . . . . . .	Number	 00000081h   
VK_F19 . . . . . . . . . . . . .	Number	 00000082h   
VK_F1  . . . . . . . . . . . . .	Number	 00000070h   
VK_F20 . . . . . . . . . . . . .	Number	 00000083h   
VK_F21 . . . . . . . . . . . . .	Number	 00000084h   
VK_F22 . . . . . . . . . . . . .	Number	 00000085h   
VK_F23 . . . . . . . . . . . . .	Number	 00000086h   
VK_F24 . . . . . . . . . . . . .	Number	 00000087h   
VK_F2  . . . . . . . . . . . . .	Number	 00000071h   
VK_F3  . . . . . . . . . . . . .	Number	 00000072h   
VK_F4  . . . . . . . . . . . . .	Number	 00000073h   
VK_F5  . . . . . . . . . . . . .	Number	 00000074h   
VK_F6  . . . . . . . . . . . . .	Number	 00000075h   
VK_F7  . . . . . . . . . . . . .	Number	 00000076h   
VK_F8  . . . . . . . . . . . . .	Number	 00000077h   
VK_F9  . . . . . . . . . . . . .	Number	 00000078h   
VK_HELP  . . . . . . . . . . . .	Number	 0000002Fh   
VK_HOME  . . . . . . . . . . . .	Number	 00000024h   
VK_INSERT  . . . . . . . . . . .	Number	 0000002Dh   
VK_LBUTTON . . . . . . . . . . .	Number	 00000001h   
VK_LCONTROL  . . . . . . . . . .	Number	 000000A2h   
VK_LEFT  . . . . . . . . . . . .	Number	 00000025h   
VK_LMENU . . . . . . . . . . . .	Number	 000000A4h   
VK_LSHIFT  . . . . . . . . . . .	Number	 000000A0h   
VK_MENU  . . . . . . . . . . . .	Number	 00000012h   
VK_MULTIPLY  . . . . . . . . . .	Number	 0000006Ah   
VK_NEXT  . . . . . . . . . . . .	Number	 00000022h   
VK_NUMLOCK . . . . . . . . . . .	Number	 00000090h   
VK_NUMPAD0 . . . . . . . . . . .	Number	 00000060h   
VK_NUMPAD1 . . . . . . . . . . .	Number	 00000061h   
VK_NUMPAD2 . . . . . . . . . . .	Number	 00000062h   
VK_NUMPAD3 . . . . . . . . . . .	Number	 00000063h   
VK_NUMPAD4 . . . . . . . . . . .	Number	 00000064h   
VK_NUMPAD5 . . . . . . . . . . .	Number	 00000065h   
VK_NUMPAD6 . . . . . . . . . . .	Number	 00000066h   
VK_NUMPAD7 . . . . . . . . . . .	Number	 00000067h   
VK_NUMPAD8 . . . . . . . . . . .	Number	 00000068h   
VK_NUMPAD9 . . . . . . . . . . .	Number	 00000069h   
VK_PAUSE . . . . . . . . . . . .	Number	 00000013h   
VK_PRINT . . . . . . . . . . . .	Number	 0000002Ah   
VK_PRIOR . . . . . . . . . . . .	Number	 00000021h   
VK_RBUTTON . . . . . . . . . . .	Number	 00000002h   
VK_RCONTROL  . . . . . . . . . .	Number	 000000A3h   
VK_RETURN  . . . . . . . . . . .	Number	 0000000Dh   
VK_RIGHT . . . . . . . . . . . .	Number	 00000027h   
VK_RMENU . . . . . . . . . . . .	Number	 000000A5h   
VK_RSHIFT  . . . . . . . . . . .	Number	 000000A1h   
VK_SCROLL  . . . . . . . . . . .	Number	 00000091h   
VK_SEPARATER . . . . . . . . . .	Number	 0000006Ch   
VK_SHIFT . . . . . . . . . . . .	Number	 00000010h   
VK_SNAPSHOT  . . . . . . . . . .	Number	 0000002Ch   
VK_SPACE . . . . . . . . . . . .	Number	 00000020h   
VK_SUBTRACT  . . . . . . . . . .	Number	 0000006Dh   
VK_TAB . . . . . . . . . . . . .	Number	 00000009h   
VK_UP  . . . . . . . . . . . . .	Number	 00000026h   
WINDOW_BUFFER_SIZE_EVENT . . . .	Number	 00000004h   
WriteConsoleOutputCharacter  . .	Text   	 WriteConsoleOutputCharacterA
WriteConsole . . . . . . . . . .	Text   	 WriteConsoleA
black  . . . . . . . . . . . . .	Number	 00000000h   
blue . . . . . . . . . . . . . .	Number	 00000001h   
brown  . . . . . . . . . . . . .	Number	 00000006h   
cyan . . . . . . . . . . . . . .	Number	 00000003h   
endCol . . . . . . . . . . . . .	Byte	 000000CA _DATA	
endRow . . . . . . . . . . . . .	Byte	 000000C9 _DATA	
exit . . . . . . . . . . . . . .	Text   	 INVOKE ExitProcess,0
gray . . . . . . . . . . . . . .	Number	 00000008h   
green  . . . . . . . . . . . . .	Number	 00000002h   
horLine  . . . . . . . . . . . .	Byte	 00000095 _DATA	
intGrid  . . . . . . . . . . . .	Byte	 00000000 _DATA	
lightBlue  . . . . . . . . . . .	Number	 00000009h   
lightCyan  . . . . . . . . . . .	Number	 0000000Bh   
lightGray  . . . . . . . . . . .	Number	 00000007h   
lightGreen . . . . . . . . . . .	Number	 0000000Ah   
lightMagenta . . . . . . . . . .	Number	 0000000Dh   
lightRed . . . . . . . . . . . .	Number	 0000000Ch   
lostMsg  . . . . . . . . . . . .	Byte	 000000FB _DATA	
magenta  . . . . . . . . . . . .	Number	 00000005h   
red  . . . . . . . . . . . . . .	Number	 00000004h   
rot180 . . . . . . . . . . . . .	Byte	 000000DB _DATA	
rot90CCW . . . . . . . . . . . .	Byte	 000000EB _DATA	
rot90CW  . . . . . . . . . . . .	Byte	 000000CB _DATA	
scoreCol . . . . . . . . . . . .	Byte	 000000C6 _DATA	
scoreMsg . . . . . . . . . . . .	Byte	 000000BD _DATA	
scoreRow . . . . . . . . . . . .	Byte	 000000C5 _DATA	
score  . . . . . . . . . . . . .	DWord	 000000B9 _DATA	
startCol . . . . . . . . . . . .	Byte	 000000C8 _DATA	
startRow . . . . . . . . . . . .	Byte	 000000C7 _DATA	
strRep . . . . . . . . . . . . .	Byte	 00000020 _DATA	
tempGrid . . . . . . . . . . . .	Byte	 00000010 _DATA	
verLine  . . . . . . . . . . . .	Byte	 000000B7 _DATA	
white  . . . . . . . . . . . . .	Number	 0000000Fh   
wsprintf . . . . . . . . . . . .	Text   	 wsprintfA
yellow . . . . . . . . . . . . .	Number	 0000000Eh   

	   0 Warnings
	   0 Errors
